<?xml version="1.0" encoding="UTF-8"?>
<testng-results skipped="0" failed="0" total="1" passed="1">
  <reporter-output>
  </reporter-output>
  <suite name="example suite 1" duration-ms="22853" started-at="2017-12-06T10:53:35Z" finished-at="2017-12-06T10:53:58Z">
    <groups>
    </groups>
    <test name="Regression test 1" duration-ms="22853" started-at="2017-12-06T10:53:35Z" finished-at="2017-12-06T10:53:58Z">
      <class name="com.page.regressiontesting.MainHomeTest">
        <test-method status="PASS" signature="setupbrowser()[pri:0, instance:com.page.regressiontesting.MainHomeTest@5ebec15]" name="setupbrowser" is-config="true" duration-ms="14053" started-at="2017-12-06T16:23:35Z" finished-at="2017-12-06T16:23:49Z">
          <reporter-output>
          </reporter-output>
        </test-method> <!-- setupbrowser -->
        <test-method status="PASS" signature="logintest()[pri:0, instance:com.page.regressiontesting.MainHomeTest@5ebec15]" name="logintest" duration-ms="8553" started-at="2017-12-06T16:23:49Z" finished-at="2017-12-06T16:23:58Z">
          <reporter-output>
          </reporter-output>
        </test-method> <!-- logintest -->
        <test-method status="PASS" signature="closebrowser()[pri:0, instance:com.page.regressiontesting.MainHomeTest@5ebec15]" name="closebrowser" is-config="true" duration-ms="208" started-at="2017-12-06T16:23:58Z" finished-at="2017-12-06T16:23:58Z">
          <reporter-output>
          </reporter-output>
        </test-method> <!-- closebrowser -->
      </class> <!-- com.page.regressiontesting.MainHomeTest -->
    </test> <!-- Regression test 1 -->
  </suite> <!-- example suite 1 -->
</testng-results>
